<?xml version="1.0" encoding="UTF-8"?>
<!-- Generated by org.testng.reporters.JUnitXMLReporter -->
<testsuite ignored="0" hostname="Ayyappas-MacBook-Air.local" failures="0" tests="2" name="Default test" time="0.586" errors="0" timestamp="2022-04-24T01:58:25 IST">
  <testcase classname="basic.rest.pojo.JSONarraySerialization" name="createJSONarrayPOJO" time="0.436"/>
  <testcase classname="basic.rest.pojo.JSONarraySerialization" name="getPOJOFromObj" time="0.06"/>
</testsuite> <!-- Default test -->
