<?xml version="1.0" encoding="UTF-8"?>
<testng-results ignored="0" total="2" passed="2" failed="0" skipped="0">
  <reporter-output>
  </reporter-output>
  <suite started-at="2022-04-24T01:58:20 IST" name="Default suite" finished-at="2022-04-24T01:58:20 IST" duration-ms="586">
    <groups>
    </groups>
    <test started-at="2022-04-24T01:58:20 IST" name="Default test" finished-at="2022-04-24T01:58:20 IST" duration-ms="586">
      <class name="basic.rest.pojo.JSONarraySerialization">
        <test-method signature="createJSONarrayPOJO()[pri:0, instance:basic.rest.pojo.JSONarraySerialization@71c8becc]" started-at="2022-04-24T01:58:20 IST" name="createJSONarrayPOJO" finished-at="2022-04-24T01:58:20 IST" duration-ms="436" status="PASS">
          <reporter-output>
          </reporter-output>
        </test-method> <!-- createJSONarrayPOJO -->
        <test-method signature="getPOJOFromObj()[pri:0, instance:basic.rest.pojo.JSONarraySerialization@71c8becc]" started-at="2022-04-24T01:58:20 IST" name="getPOJOFromObj" finished-at="2022-04-24T01:58:20 IST" duration-ms="60" status="PASS">
          <reporter-output>
          </reporter-output>
        </test-method> <!-- getPOJOFromObj -->
      </class> <!-- basic.rest.pojo.JSONarraySerialization -->
    </test> <!-- Default test -->
  </suite> <!-- Default suite -->
</testng-results>
